<?xml version="1.0" encoding="UTF-8"?>
<!-- Generated by org.testng.reporters.JUnitReportReporter -->
<testsuite skipped="0" hostname="frnds" name="testcases.SampleTest" tests="1" failures="0" timestamp="26 Mar 2022 06:25:49 GMT" time="0.010" errors="0">
  <testcase name="test1" time="0.010" classname="testcases.SampleTest"/>
</testsuite> <!-- testcases.SampleTest -->
